[Licensing::Module] Trying to connect to existing licensing client channel...
Built from '6000.4/staging' branch; Version is '6000.4.0f1 (8cf496087c8f) revision 9237654'; Using compiler version '194234433'; Build Type 'Release'
[Licensing::IpcConnector] Successfully connected to: "LicenseClient-a2669" at "2026-04-02T01:06:46.4541641Z"
OS: 'Windows 10  (10.0.19045) 64bit Professional' Language: 'zh' Physical Memory: 32694 MB
BatchMode: 1, IsHumanControllingUs: 0, StartBugReporterOnCrash: 0, Is64bit: 1
System  architecture: x64
Process architecture: x64
Date: 2026-04-02T01:06:46Z

COMMAND LINE ARGUMENTS:
C:\Program Files\Unity\Hub\Editor\6000.4.0f1\Editor\Unity.exe
-batchmode
-quit
-nographics
-projectPath
d:\Unity\Ten-Rings-2\Ten Rings 2
-executeMethod
EquipPanelPrefabBuilder.BuildPrefab
-logFile
d:\Unity\Ten-Rings-2\Ten Rings 2\equip_panel_build.log
Successfully changed project path to: d:\Unity\Ten-Rings-2\Ten Rings 2
D:/Unity/Ten-Rings-2/Ten Rings 2
Exiting without the bug reporter. Application will terminate with return code 1